#
# There is insufficient memory for the Java Runtime Environment to continue.
# Native memory allocation (mmap) failed to map 266338304 bytes. Error detail: G1 virtual space
# Possible reasons:
#   The system is out of physical RAM or swap space
#   This process is running with CompressedOops enabled, and the Java Heap may be blocking the growth of the native heap
# Possible solutions:
#   Reduce memory load on the system
#   Increase physical memory or swap space
#   Check if swap backing store is full
#   Decrease Java heap size (-Xmx/-Xms)
#   Decrease number of Java threads
#   Decrease Java thread stack sizes (-Xss)
#   Set larger code cache with -XX:ReservedCodeCacheSize=
#   JVM is running with Zero Based Compressed Oops mode in which the Java heap is
#     placed in the first 32GB address space. The Java Heap base address is the
#     maximum limit for the native heap growth. Please use -XX:HeapBaseMinAddress
#     to set the Java Heap base and to place the Java Heap above 32GB virtual address.
# This output file may be truncated or incomplete.
#
#  Out of Memory Error (os_windows.cpp:3713), pid=33136, tid=7288
#
# JRE version: OpenJDK Runtime Environment Temurin-21.0.8+9 (21.0.8+9) (build 21.0.8+9-LTS)
# Java VM: OpenJDK 64-Bit Server VM Temurin-21.0.8+9 (21.0.8+9-LTS, mixed mode, sharing, tiered, compressed oops, compressed class ptrs, g1 gc, windows-amd64)
# No core dump will be written. Minidumps are not enabled by default on client versions of Windows
#

---------------  S U M M A R Y ------------

Command Line: -agentpath:C:\WINDOWS\system32\Aternity\Java\JavaHookLoader.dll=C:\ProgramData\Aternity\hooks -Dfile.encoding=UTF-8 -Dstdout.encoding=UTF-8 -Dstderr.encoding=UTF-8 -XX:+ShowCodeDetailsInExceptionMessages pctimer.com.TrayIconDemo

Host: 11th Gen Intel(R) Core(TM) i7-1185G7 @ 3.00GHz, 8 cores, 15G,  Windows 11 , 64 bit Build 26100 (10.0.26100.7019)
Time: Sun Dec  7 11:34:14 2025 Arab Standard Time elapsed time: 464.815574 seconds (0d 0h 7m 44s)

---------------  T H R E A D  ---------------

Current thread (0x00000187911ef8d0):  VMThread "VM Thread"          [id=7288, stack(0x0000000df6800000,0x0000000df6900000) (1024K)]

Stack: [0x0000000df6800000,0x0000000df6900000]
Native frames: (J=compiled Java code, j=interpreted, Vv=VM code, C=native code)
V  [jvm.dll+0x6d2449]
V  [jvm.dll+0x8ae341]
V  [jvm.dll+0x8b08be]
V  [jvm.dll+0x8b0fa3]
V  [jvm.dll+0x280c96]
V  [jvm.dll+0x6cec15]
V  [jvm.dll+0x6c2c3a]
V  [jvm.dll+0x35867a]
V  [jvm.dll+0x360246]
V  [jvm.dll+0x3b1f9e]
V  [jvm.dll+0x3b2248]
V  [jvm.dll+0x32c8fc]
V  [jvm.dll+0x32c987]
V  [jvm.dll+0x3706fc]
V  [jvm.dll+0x36ef48]
V  [jvm.dll+0x32c0c1]
V  [jvm.dll+0x36e5ba]
V  [jvm.dll+0x8b6cbf]
V  [jvm.dll+0x8b8044]
V  [jvm.dll+0x8b8580]
V  [jvm.dll+0x8b8823]
V  [jvm.dll+0x857e6b]
V  [jvm.dll+0x6d0b0d]
C  [ucrtbase.dll+0x37b0]
C  [KERNEL32.DLL+0x2e8d7]
C  [ntdll.dll+0x8c53c]

VM_Operation (0x0000000df76feec0): G1CollectForAllocation, mode: safepoint, requested by thread 0x00000187d7075260


---------------  P R O C E S S  ---------------

Threads class SMR info:
_java_thread_list=0x00000187d88e3360, length=17, elements={
0x0000018791435bd0, 0x000001879147a210, 0x000001879147f0c0, 0x0000018791482c20,
0x0000018791484400, 0x0000018791486b00, 0x000001879149aaf0, 0x000001879149b580,
0x00000187915dc820, 0x00000187915e1050, 0x0000018791745830, 0x00000187917167f0,
0x000001879171c130, 0x00000187d7075260, 0x00000187d70885c0, 0x00000187f6301a40,
0x00000187d88d2e60
}

Java Threads: ( => current thread )
  0x0000018791435bd0 JavaThread "Reference Handler"          daemon [_thread_blocked, id=29868, stack(0x0000000df6900000,0x0000000df6a00000) (1024K)]
  0x000001879147a210 JavaThread "Finalizer"                  daemon [_thread_blocked, id=28176, stack(0x0000000df6a00000,0x0000000df6b00000) (1024K)]
  0x000001879147f0c0 JavaThread "Signal Dispatcher"          daemon [_thread_blocked, id=11104, stack(0x0000000df6b00000,0x0000000df6c00000) (1024K)]
  0x0000018791482c20 JavaThread "Attach Listener"            daemon [_thread_blocked, id=26716, stack(0x0000000df6c00000,0x0000000df6d00000) (1024K)]
  0x0000018791484400 JavaThread "Service Thread"             daemon [_thread_blocked, id=32092, stack(0x0000000df6d00000,0x0000000df6e00000) (1024K)]
  0x0000018791486b00 JavaThread "Monitor Deflation Thread"   daemon [_thread_blocked, id=18832, stack(0x0000000df6e00000,0x0000000df6f00000) (1024K)]
  0x000001879149aaf0 JavaThread "C2 CompilerThread0"         daemon [_thread_blocked, id=22972, stack(0x0000000df6f00000,0x0000000df7000000) (1024K)]
  0x000001879149b580 JavaThread "C1 CompilerThread0"         daemon [_thread_blocked, id=29884, stack(0x0000000df7000000,0x0000000df7100000) (1024K)]
  0x00000187915dc820 JavaThread "Notification Thread"        daemon [_thread_blocked, id=23872, stack(0x0000000df7100000,0x0000000df7200000) (1024K)]
  0x00000187915e1050 JavaThread "Common-Cleaner"             daemon [_thread_blocked, id=24656, stack(0x0000000df7200000,0x0000000df7300000) (1024K)]
  0x0000018791745830 JavaThread "Java2D Disposer"            daemon [_thread_blocked, id=15532, stack(0x0000000df7300000,0x0000000df7400000) (1024K)]
  0x00000187917167f0 JavaThread "AWT-Shutdown"                      [_thread_blocked, id=18320, stack(0x0000000df7400000,0x0000000df7500000) (1024K)]
  0x000001879171c130 JavaThread "AWT-Windows"                daemon [_thread_in_native, id=20860, stack(0x0000000df7500000,0x0000000df7600000) (1024K)]
  0x00000187d7075260 JavaThread "Thread-0"                          [_thread_blocked, id=18852, stack(0x0000000df7600000,0x0000000df7700000) (1024K)]
  0x00000187d70885c0 JavaThread "AWT-EventQueue-0"                  [_thread_blocked, id=29400, stack(0x0000000df7800000,0x0000000df7900000) (1024K)]
  0x00000187f6301a40 JavaThread "DestroyJavaVM"                     [_thread_blocked, id=32020, stack(0x0000000df6000000,0x0000000df6100000) (1024K)]
  0x00000187d88d2e60 JavaThread "TimerQueue"                 daemon [_thread_blocked, id=29304, stack(0x0000000df7700000,0x0000000df7800000) (1024K)]
Total: 17

Other Threads:
=>0x00000187911ef8d0 VMThread "VM Thread"                           [id=7288, stack(0x0000000df6800000,0x0000000df6900000) (1024K)]
  0x00000187911d4d40 WatcherThread "VM Periodic Task Thread"        [id=15948, stack(0x0000000df6700000,0x0000000df6800000) (1024K)]
  0x00000187f636d080 WorkerThread "GC Thread#0"                     [id=11496, stack(0x0000000df6200000,0x0000000df6300000) (1024K)]
  0x00000187d7285580 WorkerThread "GC Thread#1"                     [id=27948, stack(0x0000000df7a00000,0x0000000df7b00000) (1024K)]
  0x00000187d72d1a70 WorkerThread "GC Thread#2"                     [id=3300, stack(0x0000000df7b00000,0x0000000df7c00000) (1024K)]
  0x00000187d72d2210 WorkerThread "GC Thread#3"                     [id=32964, stack(0x0000000df7c00000,0x0000000df7d00000) (1024K)]
  0x00000187d72d29c0 WorkerThread "GC Thread#4"                     [id=14628, stack(0x0000000df7d00000,0x0000000df7e00000) (1024K)]
  0x00000187d72d2d60 WorkerThread "GC Thread#5"                     [id=8560, stack(0x0000000df7e00000,0x0000000df7f00000) (1024K)]
  0x00000187d72d3910 WorkerThread "GC Thread#6"                     [id=19316, stack(0x0000000df7f00000,0x0000000df8000000) (1024K)]
  0x00000187d72d3cb0 WorkerThread "GC Thread#7"                     [id=28600, stack(0x0000000df8000000,0x0000000df8100000) (1024K)]
  0x00000187f637db70 ConcurrentGCThread "G1 Main Marker"            [id=21224, stack(0x0000000df6300000,0x0000000df6400000) (1024K)]
  0x00000187f6381810 WorkerThread "G1 Conc#0"                       [id=27064, stack(0x0000000df6400000,0x0000000df6500000) (1024K)]
  0x0000018791084470 ConcurrentGCThread "G1 Refine#0"               [id=29516, stack(0x0000000df6500000,0x0000000df6600000) (1024K)]
  0x0000018791085e90 ConcurrentGCThread "G1 Service"                [id=20132, stack(0x0000000df6600000,0x0000000df6700000) (1024K)]
Total: 14

Threads with active compile tasks:
Total: 0

VM state: at safepoint (normal execution)

VM Mutex/Monitor currently owned by a thread:  ([mutex/lock_event])
[0x00007ffa8c7b5458] Threads_lock - owner thread: 0x00000187911ef8d0
[0x00007ffa8c7b5558] Heap_lock - owner thread: 0x00000187d7075260

Heap address: 0x0000000704e00000, size: 4018 MB, Compressed Oops mode: Zero based, Oop shift amount: 3

CDS archive(s) mapped at: [0x0000018792000000-0x0000018792c80000-0x0000018792c80000), size 13107200, SharedBaseAddress: 0x0000018792000000, ArchiveRelocationMode: 1.
Compressed class space mapped at: 0x0000018793000000-0x00000187d3000000, reserved size: 1073741824
Narrow klass base: 0x0000018792000000, Narrow klass shift: 0, Narrow klass range: 0x100000000

GC Precious Log:
 CardTable entry size: 512
 Card Set container configuration: InlinePtr #cards 4 size 8 Array Of Cards #cards 16 size 48 Howl #buckets 8 coarsen threshold 3686 Howl Bitmap #cards 512 size 80 coarsen threshold 460 Card regions per heap region 1 cards per card region 4096
 CPUs: 8 total, 8 available
 Memory: 16064M
 Large Page Support: Disabled
 NUMA Support: Disabled
 Compressed Oops: Enabled (Zero based)
 Heap Region Size: 2M
 Heap Min Capacity: 8M
 Heap Initial Capacity: 252M
 Heap Max Capacity: 4018M
 Pre-touch: Disabled
 Parallel Workers: 8
 Concurrent Workers: 2
 Concurrent Refinement Workers: 8
 Periodic GC: Disabled

Heap:
 garbage-first heap   total 258048K, used 6852K [0x0000000704e00000, 0x0000000800000000)
  region size 2048K, 1 young (2048K), 1 survivors (2048K)
 Metaspace       used 10289K, committed 10560K, reserved 1114112K
  class space    used 1062K, committed 1152K, reserved 1048576K

Heap Regions: E=young(eden), S=young(survivor), O=old, HS=humongous(starts), HC=humongous(continues), CS=collection set, F=free, TAMS=top-at-mark-start, PB=parsable bottom
|   0|0x0000000704e00000, 0x0000000705000000, 0x0000000705000000|100%| O|  |TAMS 0x0000000704e00000| PB 0x0000000704e00000| Untracked 
|   1|0x0000000705000000, 0x0000000705200000, 0x0000000705200000|100%| O|  |TAMS 0x0000000705000000| PB 0x0000000705000000| Untracked 
|   2|0x0000000705200000, 0x0000000705400000, 0x0000000705400000|100%| O|  |TAMS 0x0000000705200000| PB 0x0000000705200000| Untracked 
|   3|0x0000000705400000, 0x00000007054189a0, 0x0000000705600000|  4%| O|  |TAMS 0x0000000705400000| PB 0x0000000705400000| Untracked 
|   4|0x0000000705600000, 0x0000000705600000, 0x0000000705800000|  0%| F|  |TAMS 0x0000000705600000| PB 0x0000000705600000| Untracked 
|   5|0x0000000705800000, 0x0000000705800000, 0x0000000705a00000|  0%| F|  |TAMS 0x0000000705800000| PB 0x0000000705800000| Untracked 
|   6|0x0000000705a00000, 0x0000000705a00000, 0x0000000705c00000|  0%| F|  |TAMS 0x0000000705a00000| PB 0x0000000705a00000| Untracked 
|   7|0x0000000705c00000, 0x0000000705c00000, 0x0000000705e00000|  0%| F|  |TAMS 0x0000000705c00000| PB 0x0000000705c00000| Untracked 
|   8|0x0000000705e00000, 0x0000000705e00000, 0x0000000706000000|  0%| F|  |TAMS 0x0000000705e00000| PB 0x0000000705e00000| Untracked 
|   9|0x0000000706000000, 0x0000000706000000, 0x0000000706200000|  0%| F|  |TAMS 0x0000000706000000| PB 0x0000000706000000| Untracked 
|  10|0x0000000706200000, 0x0000000706200000, 0x0000000706400000|  0%| F|  |TAMS 0x0000000706200000| PB 0x0000000706200000| Untracked 
|  11|0x0000000706400000, 0x0000000706400000, 0x0000000706600000|  0%| F|  |TAMS 0x0000000706400000| PB 0x0000000706400000| Untracked 
|  12|0x0000000706600000, 0x0000000706600000, 0x0000000706800000|  0%| F|  |TAMS 0x0000000706600000| PB 0x0000000706600000| Untracked 
|  13|0x0000000706800000, 0x0000000706800000, 0x0000000706a00000|  0%| F|  |TAMS 0x0000000706800000| PB 0x0000000706800000| Untracked 
|  14|0x0000000706a00000, 0x0000000706a00000, 0x0000000706c00000|  0%| F|  |TAMS 0x0000000706a00000| PB 0x0000000706a00000| Untracked 
|  15|0x0000000706c00000, 0x0000000706c00000, 0x0000000706e00000|  0%| F|  |TAMS 0x0000000706c00000| PB 0x0000000706c00000| Untracked 
|  16|0x0000000706e00000, 0x0000000706e00000, 0x0000000707000000|  0%| F|  |TAMS 0x0000000706e00000| PB 0x0000000706e00000| Untracked 
|  17|0x0000000707000000, 0x0000000707000000, 0x0000000707200000|  0%| F|  |TAMS 0x0000000707000000| PB 0x0000000707000000| Untracked 
|  18|0x0000000707200000, 0x0000000707200000, 0x0000000707400000|  0%| F|  |TAMS 0x0000000707200000| PB 0x0000000707200000| Untracked 
|  19|0x0000000707400000, 0x0000000707400000, 0x0000000707600000|  0%| F|  |TAMS 0x0000000707400000| PB 0x0000000707400000| Untracked 
|  20|0x0000000707600000, 0x0000000707600000, 0x0000000707800000|  0%| F|  |TAMS 0x0000000707600000| PB 0x0000000707600000| Untracked 
|  21|0x0000000707800000, 0x0000000707800000, 0x0000000707a00000|  0%| F|  |TAMS 0x0000000707800000| PB 0x0000000707800000| Untracked 
|  22|0x0000000707a00000, 0x0000000707a00000, 0x0000000707c00000|  0%| F|  |TAMS 0x0000000707a00000| PB 0x0000000707a00000| Untracked 
|  23|0x0000000707c00000, 0x0000000707c00000, 0x0000000707e00000|  0%| F|  |TAMS 0x0000000707c00000| PB 0x0000000707c00000| Untracked 
|  24|0x0000000707e00000, 0x0000000707e00000, 0x0000000708000000|  0%| F|  |TAMS 0x0000000707e00000| PB 0x0000000707e00000| Untracked 
|  25|0x0000000708000000, 0x0000000708000000, 0x0000000708200000|  0%| F|  |TAMS 0x0000000708000000| PB 0x0000000708000000| Untracked 
|  26|0x0000000708200000, 0x0000000708200000, 0x0000000708400000|  0%| F|  |TAMS 0x0000000708200000| PB 0x0000000708200000| Untracked 
|  27|0x0000000708400000, 0x0000000708400000, 0x0000000708600000|  0%| F|  |TAMS 0x0000000708400000| PB 0x0000000708400000| Untracked 
|  28|0x0000000708600000, 0x0000000708600000, 0x0000000708800000|  0%| F|  |TAMS 0x0000000708600000| PB 0x0000000708600000| Untracked 
|  29|0x0000000708800000, 0x0000000708800000, 0x0000000708a00000|  0%| F|  |TAMS 0x0000000708800000| PB 0x0000000708800000| Untracked 
|  30|0x0000000708a00000, 0x0000000708a00000, 0x0000000708c00000|  0%| F|  |TAMS 0x0000000708a00000| PB 0x0000000708a00000| Untracked 
|  31|0x0000000708c00000, 0x0000000708c00000, 0x0000000708e00000|  0%| F|  |TAMS 0x0000000708c00000| PB 0x0000000708c00000| Untracked 
|  32|0x0000000708e00000, 0x0000000708e00000, 0x0000000709000000|  0%| F|  |TAMS 0x0000000708e00000| PB 0x0000000708e00000| Untracked 
|  33|0x0000000709000000, 0x0000000709000000, 0x0000000709200000|  0%| F|  |TAMS 0x0000000709000000| PB 0x0000000709000000| Untracked 
|  34|0x0000000709200000, 0x0000000709200000, 0x0000000709400000|  0%| F|  |TAMS 0x0000000709200000| PB 0x0000000709200000| Untracked 
|  35|0x0000000709400000, 0x0000000709400000, 0x0000000709600000|  0%| F|  |TAMS 0x0000000709400000| PB 0x0000000709400000| Untracked 
|  36|0x0000000709600000, 0x0000000709600000, 0x0000000709800000|  0%| F|  |TAMS 0x0000000709600000| PB 0x0000000709600000| Untracked 
|  37|0x0000000709800000, 0x0000000709800000, 0x0000000709a00000|  0%| F|  |TAMS 0x0000000709800000| PB 0x0000000709800000| Untracked 
|  38|0x0000000709a00000, 0x0000000709a00000, 0x0000000709c00000|  0%| F|  |TAMS 0x0000000709a00000| PB 0x0000000709a00000| Untracked 
|  39|0x0000000709c00000, 0x0000000709c00000, 0x0000000709e00000|  0%| F|  |TAMS 0x0000000709c00000| PB 0x0000000709c00000| Untracked 
|  40|0x0000000709e00000, 0x0000000709e00000, 0x000000070a000000|  0%| F|  |TAMS 0x0000000709e00000| PB 0x0000000709e00000| Untracked 
|  41|0x000000070a000000, 0x000000070a000000, 0x000000070a200000|  0%| F|  |TAMS 0x000000070a000000| PB 0x000000070a000000| Untracked 
|  42|0x000000070a200000, 0x000000070a200000, 0x000000070a400000|  0%| F|  |TAMS 0x000000070a200000| PB 0x000000070a200000| Untracked 
|  43|0x000000070a400000, 0x000000070a400000, 0x000000070a600000|  0%| F|  |TAMS 0x000000070a400000| PB 0x000000070a400000| Untracked 
|  44|0x000000070a600000, 0x000000070a600000, 0x000000070a800000|  0%| F|  |TAMS 0x000000070a600000| PB 0x000000070a600000| Untracked 
|  45|0x000000070a800000, 0x000000070a800000, 0x000000070aa00000|  0%| F|  |TAMS 0x000000070a800000| PB 0x000000070a800000| Untracked 
|  46|0x000000070aa00000, 0x000000070aa00000, 0x000000070ac00000|  0%| F|  |TAMS 0x000000070aa00000| PB 0x000000070aa00000| Untracked 
|  47|0x000000070ac00000, 0x000000070ac00000, 0x000000070ae00000|  0%| F|  |TAMS 0x000000070ac00000| PB 0x000000070ac00000| Untracked 
|  48|0x000000070ae00000, 0x000000070ae00000, 0x000000070b000000|  0%| F|  |TAMS 0x000000070ae00000| PB 0x000000070ae00000| Untracked 
|  49|0x000000070b000000, 0x000000070b000000, 0x000000070b200000|  0%| F|  |TAMS 0x000000070b000000| PB 0x000000070b000000| Untracked 
|  50|0x000000070b200000, 0x000000070b200000, 0x000000070b400000|  0%| F|  |TAMS 0x000000070b200000| PB 0x000000070b200000| Untracked 
|  51|0x000000070b400000, 0x000000070b498740, 0x000000070b600000| 29%| S|CS|TAMS 0x000000070b400000| PB 0x000000070b400000| Complete 
|  52|0x000000070b600000, 0x000000070b600000, 0x000000070b800000|  0%| F|  |TAMS 0x000000070b600000| PB 0x000000070b600000| Untracked 
|  53|0x000000070b800000, 0x000000070b800000, 0x000000070ba00000|  0%| F|  |TAMS 0x000000070b800000| PB 0x000000070b800000| Untracked 
|  54|0x000000070ba00000, 0x000000070ba00000, 0x000000070bc00000|  0%| F|  |TAMS 0x000000070ba00000| PB 0x000000070ba00000| Untracked 
|  55|0x000000070bc00000, 0x000000070bc00000, 0x000000070be00000|  0%| F|  |TAMS 0x000000070bc00000| PB 0x000000070bc00000| Untracked 
|  56|0x000000070be00000, 0x000000070be00000, 0x000000070c000000|  0%| F|  |TAMS 0x000000070be00000| PB 0x000000070be00000| Untracked 
|  57|0x000000070c000000, 0x000000070c000000, 0x000000070c200000|  0%| F|  |TAMS 0x000000070c000000| PB 0x000000070c000000| Untracked 
|  58|0x000000070c200000, 0x000000070c200000, 0x000000070c400000|  0%| F|  |TAMS 0x000000070c200000| PB 0x000000070c200000| Untracked 
|  59|0x000000070c400000, 0x000000070c400000, 0x000000070c600000|  0%| F|  |TAMS 0x000000070c400000| PB 0x000000070c400000| Untracked 
|  60|0x000000070c600000, 0x000000070c600000, 0x000000070c800000|  0%| F|  |TAMS 0x000000070c600000| PB 0x000000070c600000| Untracked 
|  61|0x000000070c800000, 0x000000070c800000, 0x000000070ca00000|  0%| F|  |TAMS 0x000000070c800000| PB 0x000000070c800000| Untracked 
|  62|0x000000070ca00000, 0x000000070ca00000, 0x000000070cc00000|  0%| F|  |TAMS 0x000000070ca00000| PB 0x000000070ca00000| Untracked 
|  63|0x000000070cc00000, 0x000000070cc00000, 0x000000070ce00000|  0%| F|  |TAMS 0x000000070cc00000| PB 0x000000070cc00000| Untracked 
|  64|0x000000070ce00000, 0x000000070ce00000, 0x000000070d000000|  0%| F|  |TAMS 0x000000070ce00000| PB 0x000000070ce00000| Untracked 
|  65|0x000000070d000000, 0x000000070d000000, 0x000000070d200000|  0%| F|  |TAMS 0x000000070d000000| PB 0x000000070d000000| Untracked 
|  66|0x000000070d200000, 0x000000070d200000, 0x000000070d400000|  0%| F|  |TAMS 0x000000070d200000| PB 0x000000070d200000| Untracked 
|  67|0x000000070d400000, 0x000000070d400000, 0x000000070d600000|  0%| F|  |TAMS 0x000000070d400000| PB 0x000000070d400000| Untracked 
|  68|0x000000070d600000, 0x000000070d600000, 0x000000070d800000|  0%| F|  |TAMS 0x000000070d600000| PB 0x000000070d600000| Untracked 
|  69|0x000000070d800000, 0x000000070d800000, 0x000000070da00000|  0%| F|  |TAMS 0x000000070d800000| PB 0x000000070d800000| Untracked 
|  70|0x000000070da00000, 0x000000070da00000, 0x000000070dc00000|  0%| F|  |TAMS 0x000000070da00000| PB 0x000000070da00000| Untracked 
|  71|0x000000070dc00000, 0x000000070dc00000, 0x000000070de00000|  0%| F|  |TAMS 0x000000070dc00000| PB 0x000000070dc00000| Untracked 
|  72|0x000000070de00000, 0x000000070de00000, 0x000000070e000000|  0%| F|  |TAMS 0x000000070de00000| PB 0x000000070de00000| Untracked 
|  73|0x000000070e000000, 0x000000070e000000, 0x000000070e200000|  0%| F|  |TAMS 0x000000070e000000| PB 0x000000070e000000| Untracked 
|  74|0x000000070e200000, 0x000000070e200000, 0x000000070e400000|  0%| F|  |TAMS 0x000000070e200000| PB 0x000000070e200000| Untracked 
|  75|0x000000070e400000, 0x000000070e400000, 0x000000070e600000|  0%| F|  |TAMS 0x000000070e400000| PB 0x000000070e400000| Untracked 
|  76|0x000000070e600000, 0x000000070e600000, 0x000000070e800000|  0%| F|  |TAMS 0x000000070e600000| PB 0x000000070e600000| Untracked 
|  77|0x000000070e800000, 0x000000070e800000, 0x000000070ea00000|  0%| F|  |TAMS 0x000000070e800000| PB 0x000000070e800000| Untracked 
|  78|0x000000070ea00000, 0x000000070ea00000, 0x000000070ec00000|  0%| F|  |TAMS 0x000000070ea00000| PB 0x000000070ea00000| Untracked 
|  79|0x000000070ec00000, 0x000000070ec00000, 0x000000070ee00000|  0%| F|  |TAMS 0x000000070ec00000| PB 0x000000070ec00000| Untracked 
|  80|0x000000070ee00000, 0x000000070ee00000, 0x000000070f000000|  0%| F|  |TAMS 0x000000070ee00000| PB 0x000000070ee00000| Untracked 
|  81|0x000000070f000000, 0x000000070f000000, 0x000000070f200000|  0%| F|  |TAMS 0x000000070f000000| PB 0x000000070f000000| Untracked 
|  82|0x000000070f200000, 0x000000070f200000, 0x000000070f400000|  0%| F|  |TAMS 0x000000070f200000| PB 0x000000070f200000| Untracked 
|  83|0x000000070f400000, 0x000000070f400000, 0x000000070f600000|  0%| F|  |TAMS 0x000000070f400000| PB 0x000000070f400000| Untracked 
|  84|0x000000070f600000, 0x000000070f600000, 0x000000070f800000|  0%| F|  |TAMS 0x000000070f600000| PB 0x000000070f600000| Untracked 
|  85|0x000000070f800000, 0x000000070f800000, 0x000000070fa00000|  0%| F|  |TAMS 0x000000070f800000| PB 0x000000070f800000| Untracked 
|  86|0x000000070fa00000, 0x000000070fa00000, 0x000000070fc00000|  0%| F|  |TAMS 0x000000070fa00000| PB 0x000000070fa00000| Untracked 
|  87|0x000000070fc00000, 0x000000070fc00000, 0x000000070fe00000|  0%| F|  |TAMS 0x000000070fc00000| PB 0x000000070fc00000| Untracked 
|  88|0x000000070fe00000, 0x000000070fe00000, 0x0000000710000000|  0%| F|  |TAMS 0x000000070fe00000| PB 0x000000070fe00000| Untracked 
|  89|0x0000000710000000, 0x0000000710000000, 0x0000000710200000|  0%| F|  |TAMS 0x0000000710000000| PB 0x0000000710000000| Untracked 
|  90|0x0000000710200000, 0x0000000710200000, 0x0000000710400000|  0%| F|  |TAMS 0x0000000710200000| PB 0x0000000710200000| Untracked 
|  91|0x0000000710400000, 0x0000000710400000, 0x0000000710600000|  0%| F|  |TAMS 0x0000000710400000| PB 0x0000000710400000| Untracked 
|  92|0x0000000710600000, 0x0000000710600000, 0x0000000710800000|  0%| F|  |TAMS 0x0000000710600000| PB 0x0000000710600000| Untracked 
|  93|0x0000000710800000, 0x0000000710800000, 0x0000000710a00000|  0%| F|  |TAMS 0x0000000710800000| PB 0x0000000710800000| Untracked 
|  94|0x0000000710a00000, 0x0000000710a00000, 0x0000000710c00000|  0%| F|  |TAMS 0x0000000710a00000| PB 0x0000000710a00000| Untracked 
|  95|0x0000000710c00000, 0x0000000710c00000, 0x0000000710e00000|  0%| F|  |TAMS 0x0000000710c00000| PB 0x0000000710c00000| Untracked 
|  96|0x0000000710e00000, 0x0000000710e00000, 0x0000000711000000|  0%| F|  |TAMS 0x0000000710e00000| PB 0x0000000710e00000| Untracked 
|  97|0x0000000711000000, 0x0000000711000000, 0x0000000711200000|  0%| F|  |TAMS 0x0000000711000000| PB 0x0000000711000000| Untracked 
|  98|0x0000000711200000, 0x0000000711200000, 0x0000000711400000|  0%| F|  |TAMS 0x0000000711200000| PB 0x0000000711200000| Untracked 
|  99|0x0000000711400000, 0x0000000711400000, 0x0000000711600000|  0%| F|  |TAMS 0x0000000711400000| PB 0x0000000711400000| Untracked 
| 100|0x0000000711600000, 0x0000000711600000, 0x0000000711800000|  0%| F|  |TAMS 0x0000000711600000| PB 0x0000000711600000| Untracked 
| 101|0x0000000711800000, 0x0000000711800000, 0x0000000711a00000|  0%| F|  |TAMS 0x0000000711800000| PB 0x0000000711800000| Untracked 
| 102|0x0000000711a00000, 0x0000000711a00000, 0x0000000711c00000|  0%| F|  |TAMS 0x0000000711a00000| PB 0x0000000711a00000| Untracked 
| 103|0x0000000711c00000, 0x0000000711c00000, 0x0000000711e00000|  0%| F|  |TAMS 0x0000000711c00000| PB 0x0000000711c00000| Untracked 
| 104|0x0000000711e00000, 0x0000000711e00000, 0x0000000712000000|  0%| F|  |TAMS 0x0000000711e00000| PB 0x0000000711e00000| Untracked 
| 105|0x0000000712000000, 0x0000000712000000, 0x0000000712200000|  0%| F|  |TAMS 0x0000000712000000| PB 0x0000000712000000| Untracked 
| 106|0x0000000712200000, 0x0000000712200000, 0x0000000712400000|  0%| F|  |TAMS 0x0000000712200000| PB 0x0000000712200000| Untracked 
| 107|0x0000000712400000, 0x0000000712400000, 0x0000000712600000|  0%| F|  |TAMS 0x0000000712400000| PB 0x0000000712400000| Untracked 
| 108|0x0000000712600000, 0x0000000712600000, 0x0000000712800000|  0%| F|  |TAMS 0x0000000712600000| PB 0x0000000712600000| Untracked 
| 109|0x0000000712800000, 0x0000000712800000, 0x0000000712a00000|  0%| F|  |TAMS 0x0000000712800000| PB 0x0000000712800000| Untracked 
| 110|0x0000000712a00000, 0x0000000712a00000, 0x0000000712c00000|  0%| F|  |TAMS 0x0000000712a00000| PB 0x0000000712a00000| Untracked 
| 111|0x0000000712c00000, 0x0000000712c00000, 0x0000000712e00000|  0%| F|  |TAMS 0x0000000712c00000| PB 0x0000000712c00000| Untracked 
| 112|0x0000000712e00000, 0x0000000712e00000, 0x0000000713000000|  0%| F|  |TAMS 0x0000000712e00000| PB 0x0000000712e00000| Untracked 
| 113|0x0000000713000000, 0x0000000713000000, 0x0000000713200000|  0%| F|  |TAMS 0x0000000713000000| PB 0x0000000713000000| Untracked 
| 114|0x0000000713200000, 0x0000000713200000, 0x0000000713400000|  0%| F|  |TAMS 0x0000000713200000| PB 0x0000000713200000| Untracked 
| 115|0x0000000713400000, 0x0000000713400000, 0x0000000713600000|  0%| F|  |TAMS 0x0000000713400000| PB 0x0000000713400000| Untracked 
| 116|0x0000000713600000, 0x0000000713600000, 0x0000000713800000|  0%| F|  |TAMS 0x0000000713600000| PB 0x0000000713600000| Untracked 
| 117|0x0000000713800000, 0x0000000713800000, 0x0000000713a00000|  0%| F|  |TAMS 0x0000000713800000| PB 0x0000000713800000| Untracked 
| 118|0x0000000713a00000, 0x0000000713a00000, 0x0000000713c00000|  0%| F|  |TAMS 0x0000000713a00000| PB 0x0000000713a00000| Untracked 
| 119|0x0000000713c00000, 0x0000000713c00000, 0x0000000713e00000|  0%| F|  |TAMS 0x0000000713c00000| PB 0x0000000713c00000| Untracked 
| 120|0x0000000713e00000, 0x0000000713e00000, 0x0000000714000000|  0%| F|  |TAMS 0x0000000713e00000| PB 0x0000000713e00000| Untracked 
| 121|0x0000000714000000, 0x0000000714000000, 0x0000000714200000|  0%| F|  |TAMS 0x0000000714000000| PB 0x0000000714000000| Untracked 
| 122|0x0000000714200000, 0x0000000714200000, 0x0000000714400000|  0%| F|  |TAMS 0x0000000714200000| PB 0x0000000714200000| Untracked 
| 123|0x0000000714400000, 0x0000000714400000, 0x0000000714600000|  0%| F|  |TAMS 0x0000000714400000| PB 0x0000000714400000| Untracked 
| 124|0x0000000714600000, 0x0000000714600000, 0x0000000714800000|  0%| F|  |TAMS 0x0000000714600000| PB 0x0000000714600000| Untracked 
| 125|0x0000000714800000, 0x0000000714800000, 0x0000000714a00000|  0%| F|  |TAMS 0x0000000714800000| PB 0x0000000714800000| Untracked 

Card table byte_map: [0x00000187fb200000,0x00000187fb9e0000] _byte_map_base: 0x00000187f79d9000

Marking Bits: (CMBitMap*) 0x00000187f636d780
 Bits: [0x00000187fb9e0000, 0x00000187ff8a8000)

Polling page: 0x00000187f5640000

Metaspace:

Usage:
  Non-class:      9.01 MB used.
      Class:      1.04 MB used.
       Both:     10.05 MB used.

Virtual space:
  Non-class space:       64.00 MB reserved,       9.19 MB ( 14%) committed,  1 nodes.
      Class space:        1.00 GB reserved,       1.12 MB ( <1%) committed,  1 nodes.
             Both:        1.06 GB reserved,      10.31 MB ( <1%) committed. 

Chunk freelists:
   Non-Class:  6.48 MB
       Class:  14.75 MB
        Both:  21.24 MB

MaxMetaspaceSize: unlimited
CompressedClassSpaceSize: 1.00 GB
Initial GC threshold: 21.00 MB
Current GC threshold: 21.00 MB
CDS: on
 - commit_granule_bytes: 65536.
 - commit_granule_words: 8192.
 - virtual_space_node_default_size: 8388608.
 - enlarge_chunks_in_place: 1.
 - use_allocation_guard: 0.


Internal statistics:

num_allocs_failed_limit: 0.
num_arena_births: 168.
num_arena_deaths: 0.
num_vsnodes_births: 2.
num_vsnodes_deaths: 0.
num_space_committed: 165.
num_space_uncommitted: 0.
num_chunks_returned_to_freelist: 0.
num_chunks_taken_from_freelist: 233.
num_chunk_merges: 0.
num_chunk_splits: 131.
num_chunks_enlarged: 47.
num_inconsistent_stats: 0.

CodeHeap 'non-profiled nmethods': size=120000Kb used=1283Kb max_used=1283Kb free=118716Kb
 bounds [0x0000018787ad0000, 0x0000018787d40000, 0x000001878f000000]
CodeHeap 'profiled nmethods': size=120000Kb used=4330Kb max_used=4330Kb free=115669Kb
 bounds [0x0000018780000000, 0x0000018780440000, 0x0000018787530000]
CodeHeap 'non-nmethods': size=5760Kb used=1759Kb max_used=1793Kb free=4001Kb
 bounds [0x0000018787530000, 0x00000187877a0000, 0x0000018787ad0000]
CodeCache: size=245760Kb, used=7372Kb, max_used=7406Kb, free=238386Kb
 total_blobs=3077, nmethods=2439, adapters=542, full_count=0
Compilation: enabled, stopped_count=0, restarted_count=0

Compilation events (20 events):
Event: 461.311 Thread 0x000001879149b580 2430       3       java.lang.StackTraceElement::length (13 bytes)
Event: 461.312 Thread 0x000001879149b580 nmethod 2430 0x0000018780438b90 code [0x0000018780438d40, 0x0000018780438f98]
Event: 461.312 Thread 0x000001879149b580 2431       3       java.nio.ByteBuffer::clear (7 bytes)
Event: 461.339 Thread 0x000001879149aaf0 2434       4       java.nio.charset.CoderResult::isUnderflow (13 bytes)
Event: 461.339 Thread 0x000001879149aaf0 nmethod 2434 0x0000018787c0fd10 code [0x0000018787c0fea0, 0x0000018787c0ff48]
Event: 461.340 Thread 0x000001879149aaf0 2435       4       jdk.internal.misc.InternalLock::lock (8 bytes)
Event: 462.353 Thread 0x000001879149b580 nmethod 2431 0x0000018780439090 code [0x0000018780439240, 0x00000187804393c0]
Event: 462.353 Thread 0x000001879149b580 2439       3       java.lang.Integer::getChars (121 bytes)
Event: 462.354 Thread 0x000001879149b580 nmethod 2439 0x0000018780439490 code [0x0000018780439660, 0x0000018780439a88]
Event: 462.354 Thread 0x000001879149b580 2432       3       java.io.BufferedWriter::ensureOpen (18 bytes)
Event: 462.356 Thread 0x000001879149aaf0 nmethod 2435 0x0000018787c10010 code [0x0000018787c101c0, 0x0000018787c104a0]
Event: 462.356 Thread 0x000001879149b580 nmethod 2432 0x0000018780439d10 code [0x0000018780439ec0, 0x000001878043a0d0]
Event: 462.356 Thread 0x000001879149aaf0 2436       4       jdk.internal.misc.InternalLock::unlock (8 bytes)
Event: 462.356 Thread 0x000001879149b580 2433       3       java.lang.String::valueOf (15 bytes)
Event: 462.357 Thread 0x000001879149b580 nmethod 2433 0x000001878043a190 code [0x000001878043a340, 0x000001878043a548]
Event: 462.357 Thread 0x000001879149b580 2438       3       java.lang.StringBuilder::<init> (6 bytes)
Event: 462.357 Thread 0x000001879149b580 nmethod 2438 0x000001878043a610 code [0x000001878043a7c0, 0x000001878043a8f8]
Event: 462.357 Thread 0x000001879149b580 2437       1       java.lang.Class::getClassLoader0 (5 bytes)
Event: 462.357 Thread 0x000001879149b580 nmethod 2437 0x0000018787c10610 code [0x0000018787c107a0, 0x0000018787c10870]
Event: 462.358 Thread 0x000001879149aaf0 nmethod 2436 0x0000018787c10910 code [0x0000018787c10ac0, 0x0000018787c10cd8]

GC Heap History (20 events):
Event: 447.816 GC heap after
{Heap after GC invocations=136 (full 0):
 garbage-first heap   total 258048K, used 6760K [0x0000000704e00000, 0x0000000800000000)
  region size 2048K, 1 young (2048K), 1 survivors (2048K)
 Metaspace       used 10285K, committed 10496K, reserved 1114112K
  class space    used 1062K, committed 1152K, reserved 1048576K
}
Event: 448.026 GC heap before
{Heap before GC invocations=136 (full 0):
 garbage-first heap   total 258048K, used 17000K [0x0000000704e00000, 0x0000000800000000)
  region size 2048K, 6 young (12288K), 1 survivors (2048K)
 Metaspace       used 10285K, committed 10496K, reserved 1114112K
  class space    used 1062K, committed 1152K, reserved 1048576K
}
Event: 448.845 GC heap after
{Heap after GC invocations=137 (full 0):
 garbage-first heap   total 258048K, used 6640K [0x0000000704e00000, 0x0000000800000000)
  region size 2048K, 1 young (2048K), 1 survivors (2048K)
 Metaspace       used 10285K, committed 10496K, reserved 1114112K
  class space    used 1062K, committed 1152K, reserved 1048576K
}
Event: 449.110 GC heap before
{Heap before GC invocations=137 (full 0):
 garbage-first heap   total 258048K, used 16880K [0x0000000704e00000, 0x0000000800000000)
  region size 2048K, 6 young (12288K), 1 survivors (2048K)
 Metaspace       used 10285K, committed 10496K, reserved 1114112K
  class space    used 1062K, committed 1152K, reserved 1048576K
}
Event: 449.112 GC heap after
{Heap after GC invocations=138 (full 0):
 garbage-first heap   total 258048K, used 6516K [0x0000000704e00000, 0x0000000800000000)
  region size 2048K, 1 young (2048K), 1 survivors (2048K)
 Metaspace       used 10285K, committed 10496K, reserved 1114112K
  class space    used 1062K, committed 1152K, reserved 1048576K
}
Event: 449.426 GC heap before
{Heap before GC invocations=138 (full 0):
 garbage-first heap   total 258048K, used 16756K [0x0000000704e00000, 0x0000000800000000)
  region size 2048K, 6 young (12288K), 1 survivors (2048K)
 Metaspace       used 10285K, committed 10496K, reserved 1114112K
  class space    used 1062K, committed 1152K, reserved 1048576K
}
Event: 449.428 GC heap after
{Heap after GC invocations=139 (full 0):
 garbage-first heap   total 258048K, used 6423K [0x0000000704e00000, 0x0000000800000000)
  region size 2048K, 1 young (2048K), 1 survivors (2048K)
 Metaspace       used 10285K, committed 10496K, reserved 1114112K
  class space    used 1062K, committed 1152K, reserved 1048576K
}
Event: 449.735 GC heap before
{Heap before GC invocations=139 (full 0):
 garbage-first heap   total 258048K, used 16663K [0x0000000704e00000, 0x0000000800000000)
  region size 2048K, 6 young (12288K), 1 survivors (2048K)
 Metaspace       used 10285K, committed 10496K, reserved 1114112K
  class space    used 1062K, committed 1152K, reserved 1048576K
}
Event: 449.737 GC heap after
{Heap after GC invocations=140 (full 0):
 garbage-first heap   total 258048K, used 6310K [0x0000000704e00000, 0x0000000800000000)
  region size 2048K, 1 young (2048K), 1 survivors (2048K)
 Metaspace       used 10285K, committed 10496K, reserved 1114112K
  class space    used 1062K, committed 1152K, reserved 1048576K
}
Event: 449.993 GC heap before
{Heap before GC invocations=140 (full 0):
 garbage-first heap   total 258048K, used 16550K [0x0000000704e00000, 0x0000000800000000)
  region size 2048K, 6 young (12288K), 1 survivors (2048K)
 Metaspace       used 10285K, committed 10496K, reserved 1114112K
  class space    used 1062K, committed 1152K, reserved 1048576K
}
Event: 449.994 GC heap after
{Heap after GC invocations=141 (full 0):
 garbage-first heap   total 258048K, used 6292K [0x0000000704e00000, 0x0000000800000000)
  region size 2048K, 1 young (2048K), 1 survivors (2048K)
 Metaspace       used 10285K, committed 10496K, reserved 1114112K
  class space    used 1062K, committed 1152K, reserved 1048576K
}
Event: 450.220 GC heap before
{Heap before GC invocations=141 (full 0):
 garbage-first heap   total 258048K, used 16532K [0x0000000704e00000, 0x0000000800000000)
  region size 2048K, 6 young (12288K), 1 survivors (2048K)
 Metaspace       used 10285K, committed 10496K, reserved 1114112K
  class space    used 1062K, committed 1152K, reserved 1048576K
}
Event: 450.221 GC heap after
{Heap after GC invocations=142 (full 0):
 garbage-first heap   total 258048K, used 6294K [0x0000000704e00000, 0x0000000800000000)
  region size 2048K, 1 young (2048K), 1 survivors (2048K)
 Metaspace       used 10285K, committed 10496K, reserved 1114112K
  class space    used 1062K, committed 1152K, reserved 1048576K
}
Event: 453.271 GC heap before
{Heap before GC invocations=142 (full 0):
 garbage-first heap   total 258048K, used 157846K [0x0000000704e00000, 0x0000000800000000)
  region size 2048K, 75 young (153600K), 1 survivors (2048K)
 Metaspace       used 10285K, committed 10496K, reserved 1114112K
  class space    used 1062K, committed 1152K, reserved 1048576K
}
Event: 453.274 GC heap after
{Heap after GC invocations=143 (full 0):
 garbage-first heap   total 258048K, used 6843K [0x0000000704e00000, 0x0000000800000000)
  region size 2048K, 1 young (2048K), 1 survivors (2048K)
 Metaspace       used 10285K, committed 10496K, reserved 1114112K
  class space    used 1062K, committed 1152K, reserved 1048576K
}
Event: 456.393 GC heap before
{Heap before GC invocations=143 (full 0):
 garbage-first heap   total 258048K, used 158395K [0x0000000704e00000, 0x0000000800000000)
  region size 2048K, 75 young (153600K), 1 survivors (2048K)
 Metaspace       used 10285K, committed 10496K, reserved 1114112K
  class space    used 1062K, committed 1152K, reserved 1048576K
}
Event: 456.395 GC heap after
{Heap after GC invocations=144 (full 0):
 garbage-first heap   total 258048K, used 6849K [0x0000000704e00000, 0x0000000800000000)
  region size 2048K, 1 young (2048K), 1 survivors (2048K)
 Metaspace       used 10285K, committed 10496K, reserved 1114112K
  class space    used 1062K, committed 1152K, reserved 1048576K
}
Event: 458.904 GC heap before
{Heap before GC invocations=144 (full 0):
 garbage-first heap   total 258048K, used 158401K [0x0000000704e00000, 0x0000000800000000)
  region size 2048K, 75 young (153600K), 1 survivors (2048K)
 Metaspace       used 10285K, committed 10496K, reserved 1114112K
  class space    used 1062K, committed 1152K, reserved 1048576K
}
Event: 458.907 GC heap after
{Heap after GC invocations=145 (full 0):
 garbage-first heap   total 258048K, used 6866K [0x0000000704e00000, 0x0000000800000000)
  region size 2048K, 1 young (2048K), 1 survivors (2048K)
 Metaspace       used 10285K, committed 10496K, reserved 1114112K
  class space    used 1062K, committed 1152K, reserved 1048576K
}
Event: 462.794 GC heap before
{Heap before GC invocations=145 (full 0):
 garbage-first heap   total 258048K, used 158418K [0x0000000704e00000, 0x0000000800000000)
  region size 2048K, 75 young (153600K), 1 survivors (2048K)
 Metaspace       used 10289K, committed 10560K, reserved 1114112K
  class space    used 1062K, committed 1152K, reserved 1048576K
}

Dll operation events (9 events):
Event: 0.414 Loaded shared library C:\Users\Melvin.Tauro\Saved Games\eclipse\eclipse\plugins\org.eclipse.justj.openjdk.hotspot.jre.full.win32.x86_64_21.0.8.v20250724-1412\jre\bin\java.dll
Event: 0.545 Loaded shared library C:\Users\Melvin.Tauro\Saved Games\eclipse\eclipse\plugins\org.eclipse.justj.openjdk.hotspot.jre.full.win32.x86_64_21.0.8.v20250724-1412\jre\bin\zip.dll
Event: 0.652 Loaded shared library C:\Users\Melvin.Tauro\Saved Games\eclipse\eclipse\plugins\org.eclipse.justj.openjdk.hotspot.jre.full.win32.x86_64_21.0.8.v20250724-1412\jre\bin\jimage.dll
Event: 0.705 Loaded shared library C:\Users\Melvin.Tauro\Saved Games\eclipse\eclipse\plugins\org.eclipse.justj.openjdk.hotspot.jre.full.win32.x86_64_21.0.8.v20250724-1412\jre\bin\zip.dll
Event: 0.861 Loaded shared library C:\Users\Melvin.Tauro\Saved Games\eclipse\eclipse\plugins\org.eclipse.justj.openjdk.hotspot.jre.full.win32.x86_64_21.0.8.v20250724-1412\jre\bin\awt.dll
Event: 1.307 Loaded shared library C:\Users\Melvin.Tauro\Saved Games\eclipse\eclipse\plugins\org.eclipse.justj.openjdk.hotspot.jre.full.win32.x86_64_21.0.8.v20250724-1412\jre\bin\freetype.dll
Event: 1.409 Loaded shared library C:\Users\Melvin.Tauro\Saved Games\eclipse\eclipse\plugins\org.eclipse.justj.openjdk.hotspot.jre.full.win32.x86_64_21.0.8.v20250724-1412\jre\bin\fontmanager.dll
Event: 1.738 Loaded shared library C:\Users\Melvin.Tauro\Saved Games\eclipse\eclipse\plugins\org.eclipse.justj.openjdk.hotspot.jre.full.win32.x86_64_21.0.8.v20250724-1412\jre\bin\net.dll
Event: 1.830 Loaded shared library C:\Users\Melvin.Tauro\Saved Games\eclipse\eclipse\plugins\org.eclipse.justj.openjdk.hotspot.jre.full.win32.x86_64_21.0.8.v20250724-1412\jre\bin\nio.dll

Deoptimization events (20 events):
Event: 35.205 Thread 0x00000187d7075260 Uncommon trap: trap_request=0xffffff45 fr.pc=0x0000018787b813b4 relative=0x0000000000000094
Event: 35.205 Thread 0x00000187d7075260 Uncommon trap: reason=unstable_if action=reinterpret pc=0x0000018787b813b4 method=java.time.LocalTime.compareTo(Ljava/time/LocalTime;)I @ 13 c2
Event: 35.205 Thread 0x00000187d7075260 DEOPT PACKING pc=0x0000018787b813b4 sp=0x0000000df76ff210
Event: 35.205 Thread 0x00000187d7075260 DEOPT UNPACKING pc=0x0000018787587da2 sp=0x0000000df76ff1a8 mode 2
Event: 36.253 Thread 0x0000018791435bd0 DEOPT PACKING pc=0x0000018780364481 sp=0x0000000df69ff2b0
Event: 36.253 Thread 0x0000018791435bd0 DEOPT UNPACKING pc=0x00000187875888e2 sp=0x0000000df69fe750 mode 0
Event: 36.262 Thread 0x00000187915e1050 DEOPT PACKING pc=0x0000018780347d51 sp=0x0000000df72ff100
Event: 36.262 Thread 0x00000187915e1050 DEOPT UNPACKING pc=0x00000187875888e2 sp=0x0000000df72fe5e0 mode 0
Event: 39.102 Thread 0x0000018791435bd0 DEOPT PACKING pc=0x0000018780364481 sp=0x0000000df69ff2b0
Event: 39.102 Thread 0x0000018791435bd0 DEOPT UNPACKING pc=0x00000187875888e2 sp=0x0000000df69fe750 mode 0
Event: 40.290 Thread 0x00000187d70885c0 Uncommon trap: trap_request=0xffffff45 fr.pc=0x0000018787c035d0 relative=0x00000000000007f0
Event: 40.290 Thread 0x00000187d70885c0 Uncommon trap: reason=unstable_if action=reinterpret pc=0x0000018787c035d0 method=java.awt.Container.findComponentAtImpl(IIZ)Ljava/awt/Component; @ 103 c2
Event: 40.290 Thread 0x00000187d70885c0 DEOPT PACKING pc=0x0000018787c035d0 sp=0x0000000df78feb60
Event: 40.290 Thread 0x00000187d70885c0 DEOPT UNPACKING pc=0x0000018787587da2 sp=0x0000000df78fe9f0 mode 2
Event: 53.523 Thread 0x00000187d7075260 DEOPT PACKING pc=0x00000187804235d6 sp=0x0000000df76ff0d0
Event: 53.523 Thread 0x00000187d7075260 DEOPT UNPACKING pc=0x00000187875888e2 sp=0x0000000df76fe710 mode 0
Event: 444.776 Thread 0x00000187d7075260 Uncommon trap: trap_request=0xffffff45 fr.pc=0x0000018787ba1fcc relative=0x000000000000012c
Event: 444.777 Thread 0x00000187d7075260 Uncommon trap: reason=unstable_if action=reinterpret pc=0x0000018787ba1fcc method=java.lang.Integer.getChars(II[B)I @ 25 c2
Event: 444.777 Thread 0x00000187d7075260 DEOPT PACKING pc=0x0000018787ba1fcc sp=0x0000000df76fed00
Event: 445.786 Thread 0x00000187d7075260 DEOPT UNPACKING pc=0x0000018787587da2 sp=0x0000000df76fec70 mode 2

Classes loaded (20 events):
Event: 35.183 Loading class java/nio/channels/NetworkChannel
Event: 35.183 Loading class java/nio/channels/NetworkChannel done
Event: 35.183 Loading class java/nio/channels/spi/AbstractSelectableChannel
Event: 35.183 Loading class java/nio/channels/SelectableChannel
Event: 35.183 Loading class java/nio/channels/SelectableChannel done
Event: 35.183 Loading class java/nio/channels/spi/AbstractSelectableChannel done
Event: 35.183 Loading class java/nio/channels/SocketChannel done
Event: 35.184 Loading class sun/nio/ch/SocketChannelImpl done
Event: 35.184 Loading class sun/nio/ch/ChannelOutputStream
Event: 35.185 Loading class sun/nio/ch/ChannelOutputStream done
Event: 444.737 Loading class java/lang/Throwable$WrappedPrintStream
Event: 444.740 Loading class java/lang/Throwable$PrintStreamOrWriter
Event: 444.741 Loading class java/lang/Throwable$PrintStreamOrWriter done
Event: 444.741 Loading class java/lang/Throwable$WrappedPrintStream done
Event: 444.755 Loading class java/io/InterruptedIOException
Event: 444.755 Loading class java/io/InterruptedIOException done
Event: 444.763 Loading class java/lang/StackTraceElement$HashedModules
Event: 444.764 Loading class java/lang/StackTraceElement$HashedModules done
Event: 459.488 Loading class sun/awt/SunToolkit$1
Event: 459.493 Loading class sun/awt/SunToolkit$1 done

Classes unloaded (0 events):
No events

Classes redefined (0 events):
No events

Internal exceptions (20 events):
Event: 461.366 Thread 0x00000187d7075260 Exception <a 'java/io/IOException'{0x000000070ce36d58}> (0x000000070ce36d58) 
thrown [s\src\hotspot\share\prims\jni.cpp, line 520]
Event: 461.366 Thread 0x00000187d7075260 Exception <a 'java/io/IOException'{0x000000070ce37238}> (0x000000070ce37238) 
thrown [s\src\hotspot\share\prims\jni.cpp, line 520]
Event: 461.366 Thread 0x00000187d7075260 Exception <a 'java/io/IOException'{0x000000070ce37550}> (0x000000070ce37550) 
thrown [s\src\hotspot\share\prims\jni.cpp, line 520]
Event: 461.521 Thread 0x00000187d7075260 Exception <a 'java/io/FileNotFoundException'{0x000000070cbec110}> (0x000000070cbec110) 
thrown [s\src\hotspot\share\prims\jni.cpp, line 520]
Event: 461.522 Thread 0x00000187d7075260 Exception <a 'java/io/IOException'{0x000000070cbecbd8}> (0x000000070cbecbd8) 
thrown [s\src\hotspot\share\prims\jni.cpp, line 520]
Event: 461.522 Thread 0x00000187d7075260 Exception <a 'java/io/IOException'{0x000000070cbecef0}> (0x000000070cbecef0) 
thrown [s\src\hotspot\share\prims\jni.cpp, line 520]
Event: 461.522 Thread 0x00000187d7075260 Exception <a 'java/io/IOException'{0x000000070cbed590}> (0x000000070cbed590) 
thrown [s\src\hotspot\share\prims\jni.cpp, line 520]
Event: 461.522 Thread 0x00000187d7075260 Exception <a 'java/io/IOException'{0x000000070cbed8a8}> (0x000000070cbed8a8) 
thrown [s\src\hotspot\share\prims\jni.cpp, line 520]
Event: 461.522 Thread 0x00000187d7075260 Exception <a 'java/io/IOException'{0x000000070cbeddd8}> (0x000000070cbeddd8) 
thrown [s\src\hotspot\share\prims\jni.cpp, line 520]
Event: 461.522 Thread 0x00000187d7075260 Exception <a 'java/io/IOException'{0x000000070cbee0f0}> (0x000000070cbee0f0) 
thrown [s\src\hotspot\share\prims\jni.cpp, line 520]
Event: 461.522 Thread 0x00000187d7075260 Exception <a 'java/io/IOException'{0x000000070cbee630}> (0x000000070cbee630) 
thrown [s\src\hotspot\share\prims\jni.cpp, line 520]
Event: 461.522 Thread 0x00000187d7075260 Exception <a 'java/io/IOException'{0x000000070cbee948}> (0x000000070cbee948) 
thrown [s\src\hotspot\share\prims\jni.cpp, line 520]
Event: 461.522 Thread 0x00000187d7075260 Exception <a 'java/io/IOException'{0x000000070cbeee48}> (0x000000070cbeee48) 
thrown [s\src\hotspot\share\prims\jni.cpp, line 520]
Event: 461.522 Thread 0x00000187d7075260 Exception <a 'java/io/IOException'{0x000000070cbef160}> (0x000000070cbef160) 
thrown [s\src\hotspot\share\prims\jni.cpp, line 520]
Event: 461.522 Thread 0x00000187d7075260 Exception <a 'java/io/IOException'{0x000000070cbef650}> (0x000000070cbef650) 
thrown [s\src\hotspot\share\prims\jni.cpp, line 520]
Event: 461.522 Thread 0x00000187d7075260 Exception <a 'java/io/IOException'{0x000000070cbef968}> (0x000000070cbef968) 
thrown [s\src\hotspot\share\prims\jni.cpp, line 520]
Event: 462.304 Thread 0x00000187d7075260 Exception <a 'java/io/IOException'{0x000000070cbefe88}> (0x000000070cbefe88) 
thrown [s\src\hotspot\share\prims\jni.cpp, line 520]
Event: 462.304 Thread 0x00000187d7075260 Exception <a 'java/io/IOException'{0x000000070cbf01a0}> (0x000000070cbf01a0) 
thrown [s\src\hotspot\share\prims\jni.cpp, line 520]
Event: 462.304 Thread 0x00000187d7075260 Exception <a 'java/io/IOException'{0x000000070cbf0680}> (0x000000070cbf0680) 
thrown [s\src\hotspot\share\prims\jni.cpp, line 520]
Event: 462.304 Thread 0x00000187d7075260 Exception <a 'java/io/IOException'{0x000000070cbf0998}> (0x000000070cbf0998) 
thrown [s\src\hotspot\share\prims\jni.cpp, line 520]

ZGC Phase Switch (0 events):
No events

VM Operations (20 events):
Event: 448.845 Executing VM operation: G1CollectForAllocation (G1 Evacuation Pause) done
Event: 449.110 Executing VM operation: G1CollectForAllocation (G1 Evacuation Pause)
Event: 449.112 Executing VM operation: G1CollectForAllocation (G1 Evacuation Pause) done
Event: 449.426 Executing VM operation: G1CollectForAllocation (G1 Evacuation Pause)
Event: 449.428 Executing VM operation: G1CollectForAllocation (G1 Evacuation Pause) done
Event: 449.735 Executing VM operation: G1CollectForAllocation (G1 Evacuation Pause)
Event: 449.737 Executing VM operation: G1CollectForAllocation (G1 Evacuation Pause) done
Event: 449.993 Executing VM operation: G1CollectForAllocation (G1 Evacuation Pause)
Event: 449.994 Executing VM operation: G1CollectForAllocation (G1 Evacuation Pause) done
Event: 450.220 Executing VM operation: G1CollectForAllocation (G1 Evacuation Pause)
Event: 450.221 Executing VM operation: G1CollectForAllocation (G1 Evacuation Pause) done
Event: 453.271 Executing VM operation: G1CollectForAllocation (G1 Evacuation Pause)
Event: 453.274 Executing VM operation: G1CollectForAllocation (G1 Evacuation Pause) done
Event: 456.393 Executing VM operation: G1CollectForAllocation (G1 Evacuation Pause)
Event: 456.395 Executing VM operation: G1CollectForAllocation (G1 Evacuation Pause) done
Event: 458.904 Executing VM operation: G1CollectForAllocation (G1 Evacuation Pause)
Event: 458.907 Executing VM operation: G1CollectForAllocation (G1 Evacuation Pause) done
Event: 459.921 Executing VM operation: Cleanup
Event: 459.921 Executing VM operation: Cleanup done
Event: 462.794 Executing VM operation: G1CollectForAllocation (G1 Evacuation Pause)

Memory protections (0 events):
No events

Nmethod flushes (0 events):
No events

Events (20 events):
Event: 0.567 Thread 0x00000187f6301a40 Thread added: 0x00000187915dc820
Event: 0.600 Thread 0x00000187f6301a40 Thread added: 0x00000187915e1050
Event: 0.711 Thread 0x000001879149b580 Thread added: 0x00000187916232f0
Event: 0.862 Thread 0x00000187916232f0 Thread exited: 0x00000187916232f0
Event: 0.960 Thread 0x00000187f6301a40 Thread added: 0x0000018791745830
Event: 0.962 Thread 0x00000187f6301a40 Thread added: 0x00000187917167f0
Event: 0.963 Thread 0x00000187f6301a40 Thread added: 0x000001879171c130
Event: 1.111 Thread 0x00000187f6301a40 Thread added: 0x00000187d7075260
Event: 1.122 Thread 0x00000187d7075260 Thread added: 0x00000187d707e3b0
Event: 1.132 Thread 0x00000187f6301a40 Thread added: 0x00000187d70885c0
Event: 1.132 Thread 0x00000187f6301a40 Thread exited: 0x00000187f6301a40
Event: 1.132 Thread 0x00000187f6301a40 Thread added: 0x00000187f6301a40
Event: 1.177 Thread 0x00000187d70885c0 Thread added: 0x00000187d70a6360
Event: 6.203 Thread 0x00000187d70a6360 Thread exited: 0x00000187d70a6360
Event: 6.373 Thread 0x000001879149aaf0 Thread added: 0x00000187d8cd90a0
Event: 6.500 Thread 0x00000187d707e3b0 Thread exited: 0x00000187d707e3b0
Event: 6.513 Thread 0x00000187d8cd90a0 Thread exited: 0x00000187d8cd90a0
Event: 6.514 Thread 0x00000187d70885c0 Thread added: 0x00000187d70bd240
Event: 11.523 Thread 0x00000187d70bd240 Thread exited: 0x00000187d70bd240
Event: 25.229 Thread 0x00000187d70885c0 Thread added: 0x00000187d88d2e60


Dynamic libraries:
0x00007ff7cece0000 - 0x00007ff7cecee000 	C:\Users\Melvin.Tauro\Saved Games\eclipse\eclipse\plugins\org.eclipse.justj.openjdk.hotspot.jre.full.win32.x86_64_21.0.8.v20250724-1412\jre\bin\javaw.exe
0x00007ffb6e2c0000 - 0x00007ffb6e528000 	C:\WINDOWS\SYSTEM32\ntdll.dll
0x00007ffb6c160000 - 0x00007ffb6c229000 	C:\WINDOWS\System32\KERNEL32.DLL
0x00007ffb6b7c0000 - 0x00007ffb6bbb8000 	C:\WINDOWS\System32\KERNELBASE.dll
0x00007ffb6b440000 - 0x00007ffb6b58b000 	C:\WINDOWS\System32\ucrtbase.dll
0x00007ffb662c0000 - 0x00007ffb662d8000 	C:\Users\Melvin.Tauro\Saved Games\eclipse\eclipse\plugins\org.eclipse.justj.openjdk.hotspot.jre.full.win32.x86_64_21.0.8.v20250724-1412\jre\bin\jli.dll
0x00007ffb57340000 - 0x00007ffb5735e000 	C:\Users\Melvin.Tauro\Saved Games\eclipse\eclipse\plugins\org.eclipse.justj.openjdk.hotspot.jre.full.win32.x86_64_21.0.8.v20250724-1412\jre\bin\VCRUNTIME140.dll
0x00007ffb6db00000 - 0x00007ffb6dcc7000 	C:\WINDOWS\System32\USER32.dll
0x00007ffb6b410000 - 0x00007ffb6b437000 	C:\WINDOWS\System32\win32u.dll
0x00007ffb4dae0000 - 0x00007ffb4dd74000 	C:\WINDOWS\WinSxS\amd64_microsoft.windows.common-controls_6595b64144ccf1df_6.0.26100.7019_none_3e06ffa0e335b8a8\COMCTL32.dll
0x00007ffb6e250000 - 0x00007ffb6e27b000 	C:\WINDOWS\System32\GDI32.dll
0x00007ffb6cda0000 - 0x00007ffb6ce49000 	C:\WINDOWS\System32\msvcrt.dll
0x00007ffb6bbc0000 - 0x00007ffb6bcec000 	C:\WINDOWS\System32\gdi32full.dll
0x00007ffb6bfb0000 - 0x00007ffb6c053000 	C:\WINDOWS\System32\msvcp_win.dll
0x00007ffb6d740000 - 0x00007ffb6d771000 	C:\WINDOWS\System32\IMM32.DLL
0x00000187f5660000 - 0x00000187f5676000 	C:\WINDOWS\System32\umppc20008.dll
0x00000187f56a0000 - 0x00000187f56b4000 	C:\WINDOWS\System32\CsXumd64_20008.dll
0x00007ffb4c840000 - 0x00007ffb4c84c000 	C:\Users\Melvin.Tauro\Saved Games\eclipse\eclipse\plugins\org.eclipse.justj.openjdk.hotspot.jre.full.win32.x86_64_21.0.8.v20250724-1412\jre\bin\vcruntime140_1.dll
0x00007ffb21c00000 - 0x00007ffb21c8d000 	C:\Users\Melvin.Tauro\Saved Games\eclipse\eclipse\plugins\org.eclipse.justj.openjdk.hotspot.jre.full.win32.x86_64_21.0.8.v20250724-1412\jre\bin\msvcp140.dll
0x00007ffa8bb00000 - 0x00007ffa8c897000 	C:\Users\Melvin.Tauro\Saved Games\eclipse\eclipse\plugins\org.eclipse.justj.openjdk.hotspot.jre.full.win32.x86_64_21.0.8.v20250724-1412\jre\bin\server\jvm.dll
0x00007ffb6de10000 - 0x00007ffb6dec4000 	C:\WINDOWS\System32\ADVAPI32.dll
0x00007ffb6c960000 - 0x00007ffb6ca06000 	C:\WINDOWS\System32\sechost.dll
0x00007ffb6c230000 - 0x00007ffb6c348000 	C:\WINDOWS\System32\RPCRT4.dll
0x00007ffb6dd90000 - 0x00007ffb6de04000 	C:\WINDOWS\System32\WS2_32.dll
0x00007ffb6b270000 - 0x00007ffb6b2ce000 	C:\WINDOWS\SYSTEM32\POWRPROF.dll
0x00007ffb62440000 - 0x00007ffb62475000 	C:\WINDOWS\SYSTEM32\WINMM.dll
0x00007ffb5a530000 - 0x00007ffb5a53b000 	C:\WINDOWS\SYSTEM32\VERSION.dll
0x00007ffb6b250000 - 0x00007ffb6b264000 	C:\WINDOWS\SYSTEM32\UMPDC.dll
0x00007ffb6a060000 - 0x00007ffb6a07b000 	C:\WINDOWS\SYSTEM32\kernel.appcore.dll
0x00007ffb189a0000 - 0x00007ffb189aa000 	C:\Users\Melvin.Tauro\Saved Games\eclipse\eclipse\plugins\org.eclipse.justj.openjdk.hotspot.jre.full.win32.x86_64_21.0.8.v20250724-1412\jre\bin\jimage.dll
0x00007ffb2e480000 - 0x00007ffb2e6c2000 	C:\WINDOWS\SYSTEM32\DBGHELP.DLL
0x00007ffb6ca10000 - 0x00007ffb6cd9b000 	C:\WINDOWS\System32\combase.dll
0x00007ffb6d660000 - 0x00007ffb6d737000 	C:\WINDOWS\System32\OLEAUT32.dll
0x00007ffb2cdd0000 - 0x00007ffb2ce0c000 	C:\WINDOWS\SYSTEM32\dbgcore.DLL
0x00007ffb6bcf0000 - 0x00007ffb6bd95000 	C:\WINDOWS\System32\bcryptPrimitives.dll
0x00007ffb18830000 - 0x00007ffb18888000 	C:\WINDOWS\system32\Aternity\Java\JavaHookLoader.dll
0x00007ffb14730000 - 0x00007ffb14836000 	C:\ProgramData\Aternity\hooks\JavaHookNative64.dll
0x00007ffb03480000 - 0x00007ffb0356e000 	C:\ProgramData\Aternity\hooks\HooksCore64.dll
0x00007ffaf9240000 - 0x00007ffaf925f000 	C:\Users\Melvin.Tauro\Saved Games\eclipse\eclipse\plugins\org.eclipse.justj.openjdk.hotspot.jre.full.win32.x86_64_21.0.8.v20250724-1412\jre\bin\java.dll
0x00007ffb6ce50000 - 0x00007ffb6d59f000 	C:\WINDOWS\System32\SHELL32.dll
0x00007ffb6b590000 - 0x00007ffb6b6fb000 	C:\WINDOWS\System32\wintypes.dll
0x00007ffb68cc0000 - 0x00007ffb6951d000 	C:\WINDOWS\SYSTEM32\windows.storage.dll
0x00007ffb6c060000 - 0x00007ffb6c152000 	C:\WINDOWS\System32\SHCORE.dll
0x00007ffb6c8f0000 - 0x00007ffb6c957000 	C:\WINDOWS\System32\shlwapi.dll
0x00007ffb6b330000 - 0x00007ffb6b359000 	C:\WINDOWS\SYSTEM32\profapi.dll
0x00007ffaf7210000 - 0x00007ffaf7228000 	C:\Users\Melvin.Tauro\Saved Games\eclipse\eclipse\plugins\org.eclipse.justj.openjdk.hotspot.jre.full.win32.x86_64_21.0.8.v20250724-1412\jre\bin\zip.dll
0x00007ffa965e0000 - 0x00007ffa9676e000 	C:\Users\Melvin.Tauro\Saved Games\eclipse\eclipse\plugins\org.eclipse.justj.openjdk.hotspot.jre.full.win32.x86_64_21.0.8.v20250724-1412\jre\bin\awt.dll
0x00007ffb680a0000 - 0x00007ffb6813f000 	C:\WINDOWS\SYSTEM32\apphelp.dll
0x00007ffb68570000 - 0x00007ffb685a0000 	C:\WINDOWS\system32\DWMAPI.DLL
0x00007ffb682b0000 - 0x00007ffb6835a000 	C:\WINDOWS\system32\uxtheme.dll
0x00007ffb11db0000 - 0x00007ffb11ebc000 	C:\WINDOWS\system32\opengl32.dll
0x00007ffb2ba60000 - 0x00007ffb2ba8d000 	C:\WINDOWS\SYSTEM32\GLU32.dll
0x00007ffb68500000 - 0x00007ffb68543000 	C:\WINDOWS\SYSTEM32\dxcore.dll
0x00007ffb6e040000 - 0x00007ffb6e19e000 	C:\WINDOWS\System32\MSCTF.dll
0x00007ffb6d780000 - 0x00007ffb6d917000 	C:\WINDOWS\System32\ole32.dll
0x00007ffa9d270000 - 0x00007ffa9d2f7000 	C:\Users\Melvin.Tauro\Saved Games\eclipse\eclipse\plugins\org.eclipse.justj.openjdk.hotspot.jre.full.win32.x86_64_21.0.8.v20250724-1412\jre\bin\freetype.dll
0x00007ffa96270000 - 0x00007ffa9635b000 	C:\Users\Melvin.Tauro\Saved Games\eclipse\eclipse\plugins\org.eclipse.justj.openjdk.hotspot.jre.full.win32.x86_64_21.0.8.v20250724-1412\jre\bin\fontmanager.dll
0x00007ffb2cd00000 - 0x00007ffb2cdc0000 	C:\WINDOWS\SYSTEM32\mscms.dll
0x00007ffb14940000 - 0x00007ffb14989000 	C:\WINDOWS\SYSTEM32\icm32.dll
0x00007ffb18760000 - 0x00007ffb18770000 	C:\Users\Melvin.Tauro\Saved Games\eclipse\eclipse\plugins\org.eclipse.justj.openjdk.hotspot.jre.full.win32.x86_64_21.0.8.v20250724-1412\jre\bin\net.dll
0x00007ffb6a080000 - 0x00007ffb6a1a8000 	C:\WINDOWS\SYSTEM32\WINHTTP.dll
0x00007ffb6a6e0000 - 0x00007ffb6a74b000 	C:\WINDOWS\system32\mswsock.dll
0x00007ffaf3410000 - 0x00007ffaf3426000 	C:\Users\Melvin.Tauro\Saved Games\eclipse\eclipse\plugins\org.eclipse.justj.openjdk.hotspot.jre.full.win32.x86_64_21.0.8.v20250724-1412\jre\bin\nio.dll
0x00007ffb4f6f0000 - 0x00007ffb4f837000 	C:\WINDOWS\SYSTEM32\textinputframework.dll
0x00007ffb67ce0000 - 0x00007ffb67e07000 	C:\WINDOWS\SYSTEM32\CoreMessaging.dll
0x00007ffb63ef0000 - 0x00007ffb641d2000 	C:\WINDOWS\SYSTEM32\CoreUIComponents.dll
0x00007ffb6aab0000 - 0x00007ffb6aabc000 	C:\WINDOWS\SYSTEM32\CRYPTBASE.DLL

JVMTI agents:
C:\WINDOWS\system32\Aternity\Java\JavaHookLoader.dll path:none, loaded, initialized, options:C:\ProgramData\Aternity\hooks

dbghelp: loaded successfully - version: 4.0.5 - missing functions: none
symbol engine: initialized successfully - sym options: 0x614 - pdb path: .;C:\Users\Melvin.Tauro\Saved Games\eclipse\eclipse\plugins\org.eclipse.justj.openjdk.hotspot.jre.full.win32.x86_64_21.0.8.v20250724-1412\jre\bin;C:\WINDOWS\SYSTEM32;C:\WINDOWS\WinSxS\amd64_microsoft.windows.common-controls_6595b64144ccf1df_6.0.26100.7019_none_3e06ffa0e335b8a8;C:\Users\Melvin.Tauro\Saved Games\eclipse\eclipse\plugins\org.eclipse.justj.openjdk.hotspot.jre.full.win32.x86_64_21.0.8.v20250724-1412\jre\bin\server;C:\WINDOWS\system32\Aternity\Java;C:\ProgramData\Aternity\hooks

VM Arguments:
jvm_args: -agentpath:C:\WINDOWS\system32\Aternity\Java\JavaHookLoader.dll=C:\ProgramData\Aternity\hooks -Dfile.encoding=UTF-8 -Dstdout.encoding=UTF-8 -Dstderr.encoding=UTF-8 -XX:+ShowCodeDetailsInExceptionMessages 
java_command: pctimer.com.TrayIconDemo
java_class_path (initial): C:\Users\Melvin.Tauro\Saved Games\WorkSpace\PcTimer\bin
Launcher Type: SUN_STANDARD

[Global flags]
     intx CICompilerCount                          = 4                                         {product} {ergonomic}
     uint ConcGCThreads                            = 2                                         {product} {ergonomic}
     uint G1ConcRefinementThreads                  = 8                                         {product} {ergonomic}
   size_t G1HeapRegionSize                         = 2097152                                   {product} {ergonomic}
    uintx GCDrainStackTargetSize                   = 64                                        {product} {ergonomic}
   size_t InitialHeapSize                          = 264241152                                 {product} {ergonomic}
   size_t MarkStackSize                            = 4194304                                   {product} {ergonomic}
   size_t MaxHeapSize                              = 4213178368                                {product} {ergonomic}
   size_t MaxNewSize                               = 2527068160                                {product} {ergonomic}
   size_t MinHeapDeltaBytes                        = 2097152                                   {product} {ergonomic}
   size_t MinHeapSize                              = 8388608                                   {product} {ergonomic}
    uintx NonNMethodCodeHeapSize                   = 5839372                                {pd product} {ergonomic}
    uintx NonProfiledCodeHeapSize                  = 122909434                              {pd product} {ergonomic}
     bool PerfDisableSharedMem                     = true                                      {product} {ergonomic}
    uintx ProfiledCodeHeapSize                     = 122909434                              {pd product} {ergonomic}
    uintx ReservedCodeCacheSize                    = 251658240                              {pd product} {ergonomic}
     bool SegmentedCodeCache                       = true                                      {product} {ergonomic}
     bool ShowCodeDetailsInExceptionMessages       = true                                   {manageable} {command line}
   size_t SoftMaxHeapSize                          = 4213178368                             {manageable} {ergonomic}
     bool UseCompressedOops                        = true                           {product lp64_product} {ergonomic}
     bool UseG1GC                                  = true                                      {product} {ergonomic}
     bool UseLargePagesIndividualAllocation        = false                                  {pd product} {ergonomic}

Logging:
Log output configuration:
 #0: stdout all=warning uptime,level,tags foldmultilines=false
 #1: stderr all=off uptime,level,tags foldmultilines=false

Environment Variables:
JAVA_HOME=C:\Program Files\Java\jre1.8.0_471
JAVA_TOOL_OPTIONS=-agentpath:"C:\WINDOWS\system32\Aternity\Java\JavaHookLoader.dll"="C:\ProgramData\Aternity\hooks"
PATH=C:/Users/Melvin.Tauro/Saved Games/eclipse/eclipse//plugins/org.eclipse.justj.openjdk.hotspot.jre.full.win32.x86_64_21.0.8.v20250724-1412/jre/bin/server;C:/Users/Melvin.Tauro/Saved Games/eclipse/eclipse//plugins/org.eclipse.justj.openjdk.hotspot.jre.full.win32.x86_64_21.0.8.v20250724-1412/jre/bin;C:\Program Files (x86)\Common Files\Oracle\Java\java8path;C:\Program Files (x86)\Common Files\Oracle\Java\javapath;C:\Program Files\Python311\Scripts\;C:\Program Files\Python311\;C:\WINDOWS\system32;C:\WINDOWS;C:\WINDOWS\System32\Wbem;C:\WINDOWS\System32\WindowsPowerShell\v1.0\;C:\WINDOWS\System32\OpenSSH\;C:\Program Files\WindowsPowerShell\Scripts\HP.ClientScriptLibrary;C:\Program Files\dotnet\;C:\Oracle\Instant_Client_x86\19c;C:\Oracle\Instant_Client_x86\19c\bin;C:\Oracle\Instant_Client_x64\19c;C:\Oracle\Instant_Client_x64\19c\bin;C:\Users\Melvin.Tauro\AppData\Local\Microsoft\WindowsApps;;C:\Users\Melvin.Tauro\Saved Games\eclipse\eclipse;
USERNAME=Melvin.Tauro
OS=Windows_NT
PROCESSOR_IDENTIFIER=Intel64 Family 6 Model 140 Stepping 1, GenuineIntel
TMP=C:\Users\MELVIN~1.TAU\AppData\Local\Temp
TEMP=C:\Users\MELVIN~1.TAU\AppData\Local\Temp




Periodic native trim disabled

---------------  S Y S T E M  ---------------

OS:
 Windows 11 , 64 bit Build 26100 (10.0.26100.7019)
OS uptime: 1 days 0:38 hours
Hyper-V role detected

CPU: total 8 (initial active 8) (4 cores per cpu, 2 threads per core) family 6 model 140 stepping 1 microcode 0xbc, cx8, cmov, fxsr, ht, mmx, 3dnowpref, sse, sse2, sse3, ssse3, sse4.1, sse4.2, popcnt, lzcnt, tsc, tscinvbit, avx, avx2, aes, erms, clmul, bmi1, bmi2, adx, avx512f, avx512dq, avx512cd, avx512bw, avx512vl, sha, fma, vzeroupper, avx512_vpopcntdq, avx512_vpclmulqdq, avx512_vaes, avx512_vnni, clflush, clflushopt, clwb, avx512_vbmi2, avx512_vbmi, hv, rdtscp, rdpid, fsrm, gfni, avx512_bitalg, f16c, cet_ibt, cet_ss, avx512_ifma
Processor Information for the first 8 processors :
  Max Mhz: 2995, Current Mhz: 2995, Mhz Limit: 2995

Memory: 4k page, system-wide physical 16064M (938M free)
TotalPageFile size 65216M (AvailPageFile size 5M)
current process WorkingSet (physical memory assigned to process): 186M, peak: 243M
current process commit charge ("private bytes"): 355M, peak: 609M

vm_info: OpenJDK 64-Bit Server VM (21.0.8+9-LTS) for windows-amd64 JRE (21.0.8+9-LTS), built on 2025-07-15T00:00:00Z by "admin" with MS VC++ 17.7 (VS2022)

END.
